#-----------------------------------------------------------
# Vivado v2018.2 (64-bit)
# SW Build 2258646 on Thu Jun 14 20:03:12 MDT 2018
# IP Build 2256618 on Thu Jun 14 22:10:49 MDT 2018
# Start of session at: Thu Mar 23 11:17:37 2023
# Process ID: 17964
# Current directory: D:/Academic/02. Computer Organization and Digital Design/Lab Work/Lab_4
# Command line: vivado.exe -gui_launcher_event rodinguilauncherevent17836 D:\Academic\02. Computer Organization and Digital Design\Lab Work\Lab_4\Lab_4.xpr
# Log file: D:/Academic/02. Computer Organization and Digital Design/Lab Work/Lab_4/vivado.log
# Journal file: D:/Academic/02. Computer Organization and Digital Design/Lab Work/Lab_4\vivado.jou
#-----------------------------------------------------------
start_gui
open_project {D:/Academic/02. Computer Organization and Digital Design/Lab Work/Lab_4/Lab_4.xpr}
Scanning sources...
Finished scanning sources
INFO: [IP_Flow 19-234] Refreshing IP repositories
INFO: [IP_Flow 19-1704] No user IP repositories specified
INFO: [IP_Flow 19-2313] Loaded Vivado IP repository 'D:/Vivado/Vivado/2018.2/data/ip'.
open_project: Time (s): cpu = 00:00:03 ; elapsed = 00:00:08 . Memory (MB): peak = 849.750 ; gain = 104.363
update_compile_order -fileset sources_1
exit
INFO: [Common 17-206] Exiting Vivado at Thu Mar 23 11:29:42 2023...
